生成启动时间为 2020/7/13 8:59:02。
     1>项目“C:\Users\czh\Documents\Visual Studio 2013\Projects\Project5\Project5\Project5.vcxproj”在节点 2 上(Build 个目标)。
     1>ClCompile:
         E:\vs2013\VC\bin\CL.exe /c /ZI /nologo /W3 /WX- /sdl /Od /Oy- /D _CRT_SECURE_NO_WARNINGS /D _MBCS /Gm /EHsc /RTC1 /MDd /GS /fp:precise /Zc:wchar_t /Zc:forScope /Fo"Debug\\" /Fd"Debug\vc120.pdb" /Gd /TP /analyze- /errorReport:prompt work.cpp
         work.cpp
     1>c:\users\czh\documents\visual studio 2013\projects\project5\project5\work.cpp(42): warning C4018: “<”: 有符号/无符号不匹配
     1>c:\users\czh\documents\visual studio 2013\projects\project5\project5\work.cpp(117): warning C4244: “=”: 从“__int64”转换到“int”，可能丢失数据
     1>c:\users\czh\documents\visual studio 2013\projects\project5\project5\work.cpp(120): warning C4244: “+=”: 从“double”转换到“__int64”，可能丢失数据
     1>c:\users\czh\documents\visual studio 2013\projects\project5\project5\work.cpp(122): warning C4244: “=”: 从“__int64”转换到“int”，可能丢失数据
     1>c:\users\czh\documents\visual studio 2013\projects\project5\project5\work.cpp(129): warning C4244: “=”: 从“__int64”转换到“int”，可能丢失数据
     1>c:\users\czh\documents\visual studio 2013\projects\project5\project5\work.cpp(132): warning C4244: “+=”: 从“double”转换到“__int64”，可能丢失数据
     1>c:\users\czh\documents\visual studio 2013\projects\project5\project5\work.cpp(134): warning C4244: “=”: 从“__int64”转换到“int”，可能丢失数据
     1>c:\users\czh\documents\visual studio 2013\projects\project5\project5\work.cpp(141): warning C4244: “=”: 从“__int64”转换到“int”，可能丢失数据
     1>c:\users\czh\documents\visual studio 2013\projects\project5\project5\work.cpp(144): warning C4244: “+=”: 从“double”转换到“__int64”，可能丢失数据
     1>c:\users\czh\documents\visual studio 2013\projects\project5\project5\work.cpp(146): warning C4244: “=”: 从“__int64”转换到“int”，可能丢失数据
       Link:
         E:\vs2013\VC\bin\link.exe /ERRORREPORT:PROMPT /OUT:"C:\Users\czh\Documents\Visual Studio 2013\Projects\Project5\Debug\Project5.exe" /INCREMENTAL /NOLOGO kernel32.lib user32.lib gdi32.lib winspool.lib comdlg32.lib advapi32.lib shell32.lib ole32.lib oleaut32.lib uuid.lib odbc32.lib odbccp32.lib /MANIFEST /MANIFESTUAC:"level='asInvoker' uiAccess='false'" /manifest:embed /DEBUG /PDB:"C:\Users\czh\Documents\Visual Studio 2013\Projects\Project5\Debug\Project5.pdb" /TLBID:1 /DYNAMICBASE /NXCOMPAT /IMPLIB:"C:\Users\czh\Documents\Visual Studio 2013\Projects\Project5\Debug\Project5.lib" /MACHINE:X86 Debug\work.obj
         Project5.vcxproj -> C:\Users\czh\Documents\Visual Studio 2013\Projects\Project5\Debug\Project5.exe
     1>已完成生成项目“C:\Users\czh\Documents\Visual Studio 2013\Projects\Project5\Project5\Project5.vcxproj”(Build 个目标)的操作。

生成成功。

已用时间 00:00:00.72
